Copyright 1986-2021 Xilinx, Inc. All Rights Reserved.
--------------------------------------------------------------------------------------------------------------
| Tool Version : Vivado v.2021.2 (win64) Build 3367213 Tue Oct 19 02:48:09 MDT 2021
| Date         : Sun May  8 20:06:12 2022
| Host         : IT-STULOAN-1119 running 64-bit major release  (build 9200)
| Command      : upgrade_project -migrate_output_products
| Project_Path : C:/Users/Student/Desktop/520_final/520_final/hardware/DMA_to_DDR/DMA_to_DDR.xpr
--------------------------------------------------------------------------------------------------------------

Project Status Summary

1. Project IP Status
--------------------
This project contains 0 IP and 1 Block Designs.


1.1 Project IP Instances
+-----------------------------------------+-------------------------+-------------------------------------+-------------------------------------+
| Instance Name                           | Status                  | Reason                              | Recommendation                      |
+-----------------------------------------+-------------------------+-------------------------------------+-------------------------------------+
| DMA_block_design_auto_pc_0              | Remote Source.          | IP belongs to remote block design.  | Migration not required.             |
+-----------------------------------------+-------------------------+-------------------------------------+-------------------------------------+
| DMA_block_design_auto_pc_1              | Remote Source.          | IP belongs to remote block design.  | Migration not required.             |
+-----------------------------------------+-------------------------+-------------------------------------+-------------------------------------+
| DMA_block_design_auto_us_0              | Remote Source.          | IP belongs to remote block design.  | Migration not required.             |
+-----------------------------------------+-------------------------+-------------------------------------+-------------------------------------+
| DMA_block_design_axi_dma_0_0            | Remote Source.          | IP belongs to remote block design.  | Migration not required.             |
+-----------------------------------------+-------------------------+-------------------------------------+-------------------------------------+
| DMA_block_design_axi_interconnect_0_0   | Remote Source.          | IP belongs to remote block design.  | Migration not required.             |
+-----------------------------------------+-------------------------+-------------------------------------+-------------------------------------+
| DMA_block_design_processing_system7_0_0 | Remote Source.          | IP belongs to remote block design.  | Migration not required.             |
+-----------------------------------------+-------------------------+-------------------------------------+-------------------------------------+
| DMA_block_design_ps7_0_axi_periph_0     | Remote Source.          | IP belongs to remote block design.  | Migration not required.             |
+-----------------------------------------+-------------------------+-------------------------------------+-------------------------------------+
| DMA_block_design_rst_ps7_0_50M_0        | Remote Source.          | IP belongs to remote block design.  | Migration not required.             |
+-----------------------------------------+-------------------------+-------------------------------------+-------------------------------------+
| DMA_block_design_trafficgen_0_0         | Remote Source.          | IP belongs to remote block design.  | Migration not required.             |
+-----------------------------------------+-------------------------+-------------------------------------+-------------------------------------+
| DMA_block_design_xbar_0                 | Remote Source.          | IP belongs to remote block design.  | Migration not required.             |
+-----------------------------------------+-------------------------+-------------------------------------+-------------------------------------+


1.2 Project Block Designs
+------------------+-------------------------+-------------------------------------+-------------------------------------+
| Design Name      | Status                  | Reason                              | Recommendation                      |
+------------------+-------------------------+-------------------------------------+-------------------------------------+
| DMA_block_design | Remote Source.          | Block design is remote.             | Migration not required.             |
+------------------+-------------------------+-------------------------------------+-------------------------------------+



